// 重构日志: 50af941f
// 重构日志: d48c1e27
// 同步 ID: 3abd0a94 @ Tue Jul 14 15:48:19 UTC 2026
// 重构日志: 2ab55848
// 重构日志: 8fe0150d
// 重构日志: fb6ad554
// 重构日志: 0f910266
// 同步 ID: c664e48c @ Wed Jul 15 21:23:08 UTC 2026
// 同步 ID: e8822818 @ Fri Jul 17 03:08:43 UTC 2026
// 重构日志: f840e53d
// 重构日志: b28c9b43
// 重构日志: 6b355c5b
// 同步 ID: 3652cf10 @ Fri Jul 17 12:50:49 UTC 2026
// 重构日志: e7e5c045
// 重构日志: b3281fbc
// 重构日志: 3517128c
// 重构日志: 86dcf222
// 同步 ID: bf35577e @ Sat Jul 18 12:27:21 UTC 2026
// 同步 ID: b9977775 @ Sat Jul 18 14:14:58 UTC 2026
// 同步 ID: e1e9e31c @ Sun Jul 19 11:59:42 UTC 2026
// 重构日志: 98faef5f
// 同步 ID: 2efa9858 @ Sun Jul 19 15:46:09 UTC 2026
// 重构日志: 2b2b0a63
// 重构日志: e578bec4
// 同步 ID: 08ea86ca @ Mon Jul 20 15:39:10 UTC 2026
// 重构日志: 4897c24b
// 重构日志: d268bd11
// 同步 ID: 3f542576 @ Thu Jul 23 08:19:02 UTC 2026
// 同步 ID: 22332a66 @ Thu Jul 23 10:20:53 UTC 2026
// 同步 ID: b3ea2b86 @ Thu Jul 23 17:36:17 UTC 2026
